{'timestamp': 1760391915.121098, 'event_type': 'ITEM_ACCESS', 'client_ip': 'testclient', 'user_agent': 'testclient', 'path': '/items/999', 'method': 'GET', 'details': {'item_id': 999, 'client_ip': 'testclient'}}
{'timestamp': 1760391915.126292, 'event_type': 'SENSITIVE_ENDPOINT_ACCESS', 'client_ip': 'testclient', 'user_agent': 'testclient', 'path': '/items', 'method': 'POST', 'details': {'path': '/items', 'method': 'POST'}}
{'timestamp': 1760391915.13479, 'event_type': 'SENSITIVE_ENDPOINT_ACCESS', 'client_ip': 'testclient', 'user_agent': 'testclient', 'path': '/items', 'method': 'GET', 'details': {'path': '/items', 'method': 'GET'}}
{'timestamp': 1760391915.135651, 'event_type': 'ITEMS_LIST_ACCESS', 'client_ip': 'testclient', 'user_agent': 'testclient', 'path': '/items', 'method': 'GET', 'details': {'client_ip': 'testclient'}}
{'timestamp': 1760391915.1381829, 'event_type': 'SENSITIVE_ENDPOINT_ACCESS', 'client_ip': 'testclient', 'user_agent': 'testclient', 'path': '/items', 'method': 'GET', 'details': {'path': '/items', 'method': 'GET'}}
{'timestamp': 1760391915.139116, 'event_type': 'ITEMS_LIST_ACCESS', 'client_ip': 'testclient', 'user_agent': 'testclient', 'path': '/items', 'method': 'GET', 'details': {'client_ip': 'testclient'}}
{'timestamp': 1760391915.1419342, 'event_type': 'RATE_LIMIT_EXCEEDED', 'client_ip': 'testclient', 'user_agent': 'testclient', 'path': '/items', 'method': 'GET', 'details': {'client_ip': 'testclient', 'path': '/items'}}
{'timestamp': 1760391915.1850471, 'event_type': 'RATE_LIMIT_EXCEEDED', 'client_ip': 'testclient', 'user_agent': 'testclient', 'path': '/items', 'method': 'GET', 'details': {'client_ip': 'testclient', 'path': '/items'}}
{'timestamp': 1760391915.187047, 'event_type': 'RATE_LIMIT_EXCEEDED', 'client_ip': 'testclient', 'user_agent': 'testclient', 'path': '/items', 'method': 'GET', 'details': {'client_ip': 'testclient', 'path': '/items'}}
{'timestamp': 1760391915.1885471, 'event_type': 'RATE_LIMIT_EXCEEDED', 'client_ip': 'testclient', 'user_agent': 'testclient', 'path': '/items', 'method': 'GET', 'details': {'client_ip': 'testclient', 'path': '/items'}}
{'timestamp': 1760391915.1902468, 'event_type': 'RATE_LIMIT_EXCEEDED', 'client_ip': 'testclient', 'user_agent': 'testclient', 'path': '/items', 'method': 'GET', 'details': {'client_ip': 'testclient', 'path': '/items'}}
{'timestamp': 1760391915.191911, 'event_type': 'RATE_LIMIT_EXCEEDED', 'client_ip': 'testclient', 'user_agent': 'testclient', 'path': '/items', 'method': 'GET', 'details': {'client_ip': 'testclient', 'path': '/items'}}
{'timestamp': 1760391915.193376, 'event_type': 'RATE_LIMIT_EXCEEDED', 'client_ip': 'testclient', 'user_agent': 'testclient', 'path': '/items', 'method': 'GET', 'details': {'client_ip': 'testclient', 'path': '/items'}}
{'timestamp': 1760391915.195053, 'event_type': 'RATE_LIMIT_EXCEEDED', 'client_ip': 'testclient', 'user_agent': 'testclient', 'path': '/items', 'method': 'GET', 'details': {'client_ip': 'testclient', 'path': '/items'}}
{'timestamp': 1760391915.196917, 'event_type': 'RATE_LIMIT_EXCEEDED', 'client_ip': 'testclient', 'user_agent': 'testclient', 'path': '/items', 'method': 'GET', 'details': {'client_ip': 'testclient', 'path': '/items'}}
{'timestamp': 1760391915.1986718, 'event_type': 'RATE_LIMIT_EXCEEDED', 'client_ip': 'testclient', 'user_agent': 'testclient', 'path': '/items', 'method': 'GET', 'details': {'client_ip': 'testclient', 'path': '/items'}}
{'timestamp': 1760391915.200146, 'event_type': 'RATE_LIMIT_EXCEEDED', 'client_ip': 'testclient', 'user_agent': 'testclient', 'path': '/items', 'method': 'GET', 'details': {'client_ip': 'testclient', 'path': '/items'}}
{'timestamp': 1760391916.312068, 'event_type': 'RATE_LIMIT_EXCEEDED', 'client_ip': 'testclient', 'user_agent': 'testclient', 'path': '/items', 'method': 'POST', 'details': {'client_ip': 'testclient', 'path': '/items'}}
{'timestamp': 1760391916.319947, 'event_type': 'RATE_LIMIT_EXCEEDED', 'client_ip': 'testclient', 'user_agent': 'testclient', 'path': '/items', 'method': 'POST', 'details': {'client_ip': 'testclient', 'path': '/items'}}
{'timestamp': 1760391916.327372, 'event_type': 'RATE_LIMIT_EXCEEDED', 'client_ip': 'testclient', 'user_agent': 'testclient', 'path': '/items', 'method': 'POST', 'details': {'client_ip': 'testclient', 'path': '/items'}}
{'timestamp': 1760391916.332736, 'event_type': 'RATE_LIMIT_EXCEEDED', 'client_ip': 'testclient', 'user_agent': 'testclient', 'path': '/items', 'method': 'POST', 'details': {'client_ip': 'testclient', 'path': '/items'}}
{'timestamp': 1760391916.338264, 'event_type': 'RATE_LIMIT_EXCEEDED', 'client_ip': 'testclient', 'user_agent': 'testclient', 'path': '/items', 'method': 'POST', 'details': {'client_ip': 'testclient', 'path': '/items'}}
{'timestamp': 1760391916.339426, 'event_type': 'RATE_LIMIT_EXCEEDED', 'client_ip': 'testclient', 'user_agent': 'testclient', 'path': '/items/1', 'method': 'GET', 'details': {'client_ip': 'testclient', 'path': '/items/1'}}
{'timestamp': 1760391916.34484, 'event_type': 'RATE_LIMIT_EXCEEDED', 'client_ip': 'testclient', 'user_agent': 'testclient', 'path': '/items/-1', 'method': 'GET', 'details': {'client_ip': 'testclient', 'path': '/items/-1'}}
{'timestamp': 1760391916.350335, 'event_type': 'RATE_LIMIT_EXCEEDED', 'client_ip': 'testclient', 'user_agent': 'testclient', 'path': '/items/0', 'method': 'GET', 'details': {'client_ip': 'testclient', 'path': '/items/0'}}
{'timestamp': 1760391916.3550851, 'event_type': 'RATE_LIMIT_EXCEEDED', 'client_ip': 'testclient', 'user_agent': 'testclient', 'path': '/items', 'method': 'GET', 'details': {'client_ip': 'testclient', 'path': '/items'}}
{'timestamp': 1760391916.356797, 'event_type': 'RATE_LIMIT_EXCEEDED', 'client_ip': 'testclient', 'user_agent': 'testclient', 'path': '/items', 'method': 'GET', 'details': {'client_ip': 'testclient', 'path': '/items'}}
{'timestamp': 1760391916.358424, 'event_type': 'RATE_LIMIT_EXCEEDED', 'client_ip': 'testclient', 'user_agent': 'testclient', 'path': '/items', 'method': 'POST', 'details': {'client_ip': 'testclient', 'path': '/items'}}
{'timestamp': 1760391916.363063, 'event_type': 'RATE_LIMIT_EXCEEDED', 'client_ip': 'testclient', 'user_agent': 'testclient', 'path': '/items', 'method': 'POST', 'details': {'client_ip': 'testclient', 'path': '/items'}}
{'timestamp': 1760391916.364158, 'event_type': 'RATE_LIMIT_EXCEEDED', 'client_ip': 'testclient', 'user_agent': 'testclient', 'path': '/items/1', 'method': 'GET', 'details': {'client_ip': 'testclient', 'path': '/items/1'}}
{'timestamp': 1760391916.368547, 'event_type': 'RATE_LIMIT_EXCEEDED', 'client_ip': 'testclient', 'user_agent': 'testclient', 'path': '/items', 'method': 'GET', 'details': {'client_ip': 'testclient', 'path': '/items'}}
{'timestamp': 1760391916.374242, 'event_type': 'RATE_LIMIT_EXCEEDED', 'client_ip': 'testclient', 'user_agent': 'testclient', 'path': '/items', 'method': 'GET', 'details': {'client_ip': 'testclient', 'path': '/items'}}
{'timestamp': 1760391916.3788428, 'event_type': 'RATE_LIMIT_EXCEEDED', 'client_ip': 'testclient', 'user_agent': 'testclient', 'path': '/items', 'method': 'GET', 'details': {'client_ip': 'testclient', 'path': '/items'}}
{'timestamp': 1760391916.3837109, 'event_type': 'RATE_LIMIT_EXCEEDED', 'client_ip': 'testclient', 'user_agent': 'testclient', 'path': '/items/999999', 'method': 'GET', 'details': {'client_ip': 'testclient', 'path': '/items/999999'}}
{'timestamp': 1760391916.388345, 'event_type': 'RATE_LIMIT_EXCEEDED', 'client_ip': 'testclient', 'user_agent': 'testclient', 'path': '/items', 'method': 'POST', 'details': {'client_ip': 'testclient', 'path': '/items'}}
{'timestamp': 1760391953.390692, 'event_type': 'SENSITIVE_ENDPOINT_ACCESS', 'client_ip': 'testclient', 'user_agent': 'testclient', 'path': '/items', 'method': 'POST', 'details': {'path': '/items', 'method': 'POST'}}
{'timestamp': 1760391953.3918872, 'event_type': 'ITEM_CREATION', 'client_ip': 'testclient', 'user_agent': 'testclient', 'path': '/items', 'method': 'POST', 'details': {'item_name': 'Valid Item Name', 'client_ip': 'testclient'}}
{'timestamp': 1760391953.395357, 'event_type': 'SENSITIVE_ENDPOINT_ACCESS', 'client_ip': 'testclient', 'user_agent': 'testclient', 'path': '/items', 'method': 'POST', 'details': {'path': '/items', 'method': 'POST'}}
{'timestamp': 1760391953.398016, 'event_type': 'SENSITIVE_ENDPOINT_ACCESS', 'client_ip': 'testclient', 'user_agent': 'testclient', 'path': '/items', 'method': 'POST', 'details': {'path': '/items', 'method': 'POST'}}
{'timestamp': 1760391953.40034, 'event_type': 'SENSITIVE_ENDPOINT_ACCESS', 'client_ip': 'testclient', 'user_agent': 'testclient', 'path': '/items', 'method': 'POST', 'details': {'path': '/items', 'method': 'POST'}}
{'timestamp': 1760391953.40236, 'event_type': 'SENSITIVE_ENDPOINT_ACCESS', 'client_ip': 'testclient', 'user_agent': 'testclient', 'path': '/items', 'method': 'POST', 'details': {'path': '/items', 'method': 'POST'}}
{'timestamp': 1760391953.40879, 'event_type': 'RATE_LIMIT_EXCEEDED', 'client_ip': 'testclient', 'user_agent': 'testclient', 'path': '/items', 'method': 'POST', 'details': {'client_ip': 'testclient', 'path': '/items'}}
{'timestamp': 1760391953.4426298, 'event_type': 'RATE_LIMIT_EXCEEDED', 'client_ip': 'testclient', 'user_agent': 'testclient', 'path': '/items', 'method': 'POST', 'details': {'client_ip': 'testclient', 'path': '/items'}}
{'timestamp': 1760391953.4471738, 'event_type': 'RATE_LIMIT_EXCEEDED', 'client_ip': 'testclient', 'user_agent': 'testclient', 'path': '/items', 'method': 'POST', 'details': {'client_ip': 'testclient', 'path': '/items'}}
{'timestamp': 1760391953.448139, 'event_type': 'RATE_LIMIT_EXCEEDED', 'client_ip': 'testclient', 'user_agent': 'testclient', 'path': '/items/1', 'method': 'GET', 'details': {'client_ip': 'testclient', 'path': '/items/1'}}
{'timestamp': 1760391953.452063, 'event_type': 'RATE_LIMIT_EXCEEDED', 'client_ip': 'testclient', 'user_agent': 'testclient', 'path': '/items/-1', 'method': 'GET', 'details': {'client_ip': 'testclient', 'path': '/items/-1'}}
{'timestamp': 1760391953.456059, 'event_type': 'RATE_LIMIT_EXCEEDED', 'client_ip': 'testclient', 'user_agent': 'testclient', 'path': '/items/0', 'method': 'GET', 'details': {'client_ip': 'testclient', 'path': '/items/0'}}
{'timestamp': 1760391953.460331, 'event_type': 'RATE_LIMIT_EXCEEDED', 'client_ip': 'testclient', 'user_agent': 'testclient', 'path': '/items', 'method': 'GET', 'details': {'client_ip': 'testclient', 'path': '/items'}}
{'timestamp': 1760391953.461896, 'event_type': 'RATE_LIMIT_EXCEEDED', 'client_ip': 'testclient', 'user_agent': 'testclient', 'path': '/items', 'method': 'GET', 'details': {'client_ip': 'testclient', 'path': '/items'}}
{'timestamp': 1760391953.46334, 'event_type': 'RATE_LIMIT_EXCEEDED', 'client_ip': 'testclient', 'user_agent': 'testclient', 'path': '/items', 'method': 'POST', 'details': {'client_ip': 'testclient', 'path': '/items'}}
{'timestamp': 1760391953.46801, 'event_type': 'RATE_LIMIT_EXCEEDED', 'client_ip': 'testclient', 'user_agent': 'testclient', 'path': '/items', 'method': 'POST', 'details': {'client_ip': 'testclient', 'path': '/items'}}
{'timestamp': 1760391953.469144, 'event_type': 'RATE_LIMIT_EXCEEDED', 'client_ip': 'testclient', 'user_agent': 'testclient', 'path': '/items/1', 'method': 'GET', 'details': {'client_ip': 'testclient', 'path': '/items/1'}}
{'timestamp': 1760391953.47372, 'event_type': 'RATE_LIMIT_EXCEEDED', 'client_ip': 'testclient', 'user_agent': 'testclient', 'path': '/items', 'method': 'GET', 'details': {'client_ip': 'testclient', 'path': '/items'}}
{'timestamp': 1760391953.4792871, 'event_type': 'RATE_LIMIT_EXCEEDED', 'client_ip': 'testclient', 'user_agent': 'testclient', 'path': '/items', 'method': 'GET', 'details': {'client_ip': 'testclient', 'path': '/items'}}
{'timestamp': 1760391953.483891, 'event_type': 'RATE_LIMIT_EXCEEDED', 'client_ip': 'testclient', 'user_agent': 'testclient', 'path': '/items', 'method': 'GET', 'details': {'client_ip': 'testclient', 'path': '/items'}}
{'timestamp': 1760391953.487781, 'event_type': 'RATE_LIMIT_EXCEEDED', 'client_ip': 'testclient', 'user_agent': 'testclient', 'path': '/items/999999', 'method': 'GET', 'details': {'client_ip': 'testclient', 'path': '/items/999999'}}
{'timestamp': 1760391953.49191, 'event_type': 'RATE_LIMIT_EXCEEDED', 'client_ip': 'testclient', 'user_agent': 'testclient', 'path': '/items', 'method': 'POST', 'details': {'client_ip': 'testclient', 'path': '/items'}}
{'timestamp': 1760391975.322847, 'event_type': 'SENSITIVE_ENDPOINT_ACCESS', 'client_ip': 'testclient', 'user_agent': 'testclient', 'path': '/items', 'method': 'POST', 'details': {'path': '/items', 'method': 'POST'}}
{'timestamp': 1760391975.324099, 'event_type': 'ITEM_CREATION', 'client_ip': 'testclient', 'user_agent': 'testclient', 'path': '/items', 'method': 'POST', 'details': {'item_name': 'Valid Item Name', 'client_ip': 'testclient'}}
{'timestamp': 1760391975.3271732, 'event_type': 'SENSITIVE_ENDPOINT_ACCESS', 'client_ip': 'testclient', 'user_agent': 'testclient', 'path': '/items', 'method': 'POST', 'details': {'path': '/items', 'method': 'POST'}}
{'timestamp': 1760391975.329427, 'event_type': 'SENSITIVE_ENDPOINT_ACCESS', 'client_ip': 'testclient', 'user_agent': 'testclient', 'path': '/items', 'method': 'POST', 'details': {'path': '/items', 'method': 'POST'}}
{'timestamp': 1760391975.331926, 'event_type': 'SENSITIVE_ENDPOINT_ACCESS', 'client_ip': 'testclient', 'user_agent': 'testclient', 'path': '/items', 'method': 'POST', 'details': {'path': '/items', 'method': 'POST'}}
{'timestamp': 1760391975.334014, 'event_type': 'SENSITIVE_ENDPOINT_ACCESS', 'client_ip': 'testclient', 'user_agent': 'testclient', 'path': '/items', 'method': 'POST', 'details': {'path': '/items', 'method': 'POST'}}
{'timestamp': 1760391975.340708, 'event_type': 'SENSITIVE_ENDPOINT_ACCESS', 'client_ip': 'testclient', 'user_agent': 'testclient', 'path': '/items', 'method': 'POST', 'details': {'path': '/items', 'method': 'POST'}}
{'timestamp': 1760391975.3432262, 'event_type': 'SENSITIVE_ENDPOINT_ACCESS', 'client_ip': 'testclient', 'user_agent': 'testclient', 'path': '/items', 'method': 'POST', 'details': {'path': '/items', 'method': 'POST'}}
{'timestamp': 1760391975.345779, 'event_type': 'SENSITIVE_ENDPOINT_ACCESS', 'client_ip': 'testclient', 'user_agent': 'testclient', 'path': '/items', 'method': 'POST', 'details': {'path': '/items', 'method': 'POST'}}
{'timestamp': 1760391975.3464088, 'event_type': 'ITEM_CREATION', 'client_ip': 'testclient', 'user_agent': 'testclient', 'path': '/items', 'method': 'POST', 'details': {'item_name': 'Test Item', 'client_ip': 'testclient'}}
{'timestamp': 1760391975.348166, 'event_type': 'ITEM_ACCESS', 'client_ip': 'testclient', 'user_agent': 'testclient', 'path': '/items/1', 'method': 'GET', 'details': {'item_id': 1, 'client_ip': 'testclient'}}
{'timestamp': 1760391975.379379, 'event_type': 'SENSITIVE_ENDPOINT_ACCESS', 'client_ip': 'testclient', 'user_agent': 'testclient', 'path': '/items', 'method': 'GET', 'details': {'path': '/items', 'method': 'GET'}}
{'timestamp': 1760391975.379873, 'event_type': 'ITEMS_LIST_ACCESS', 'client_ip': 'testclient', 'user_agent': 'testclient', 'path': '/items', 'method': 'GET', 'details': {'client_ip': 'testclient'}}
{'timestamp': 1760391975.381703, 'event_type': 'SENSITIVE_ENDPOINT_ACCESS', 'client_ip': 'testclient', 'user_agent': 'testclient', 'path': '/items', 'method': 'GET', 'details': {'path': '/items', 'method': 'GET'}}
{'timestamp': 1760391975.382136, 'event_type': 'ITEMS_LIST_ACCESS', 'client_ip': 'testclient', 'user_agent': 'testclient', 'path': '/items', 'method': 'GET', 'details': {'client_ip': 'testclient'}}
{'timestamp': 1760391975.383816, 'event_type': 'SENSITIVE_ENDPOINT_ACCESS', 'client_ip': 'testclient', 'user_agent': 'testclient', 'path': '/items', 'method': 'POST', 'details': {'path': '/items', 'method': 'POST'}}
{'timestamp': 1760391975.3841898, 'event_type': 'ITEM_CREATION', 'client_ip': 'testclient', 'user_agent': 'testclient', 'path': '/items', 'method': 'POST', 'details': {'item_name': 'Audit Test Item', 'client_ip': 'testclient'}}
{'timestamp': 1760391975.3858838, 'event_type': 'SENSITIVE_ENDPOINT_ACCESS', 'client_ip': 'testclient', 'user_agent': 'testclient', 'path': '/items', 'method': 'POST', 'details': {'path': '/items', 'method': 'POST'}}
{'timestamp': 1760391975.386261, 'event_type': 'ITEM_CREATION', 'client_ip': 'testclient', 'user_agent': 'testclient', 'path': '/items', 'method': 'POST', 'details': {'item_name': 'Access Test Item', 'client_ip': 'testclient'}}
{'timestamp': 1760391975.3877969, 'event_type': 'ITEM_ACCESS', 'client_ip': 'testclient', 'user_agent': 'testclient', 'path': '/items/1', 'method': 'GET', 'details': {'item_id': 1, 'client_ip': 'testclient'}}
{'timestamp': 1760391975.389672, 'event_type': 'SENSITIVE_ENDPOINT_ACCESS', 'client_ip': 'testclient', 'user_agent': 'testclient', 'path': '/items', 'method': 'GET', 'details': {'path': '/items', 'method': 'GET'}}
{'timestamp': 1760391975.3901079, 'event_type': 'ITEMS_LIST_ACCESS', 'client_ip': 'testclient', 'user_agent': 'testclient', 'path': '/items', 'method': 'GET', 'details': {'client_ip': 'testclient'}}
{'timestamp': 1760391975.3933, 'event_type': 'SENSITIVE_ENDPOINT_ACCESS', 'client_ip': 'testclient', 'user_agent': 'testclient', 'path': '/items', 'method': 'GET', 'details': {'path': '/items', 'method': 'GET'}}
{'timestamp': 1760391975.3937018, 'event_type': 'ITEMS_LIST_ACCESS', 'client_ip': 'testclient', 'user_agent': 'testclient', 'path': '/items', 'method': 'GET', 'details': {'client_ip': 'testclient'}}
{'timestamp': 1760391975.395114, 'event_type': 'SENSITIVE_ENDPOINT_ACCESS', 'client_ip': 'testclient', 'user_agent': 'testclient', 'path': '/items', 'method': 'GET', 'details': {'path': '/items', 'method': 'GET'}}
{'timestamp': 1760391975.395621, 'event_type': 'ITEMS_LIST_ACCESS', 'client_ip': 'testclient', 'user_agent': 'testclient', 'path': '/items', 'method': 'GET', 'details': {'client_ip': 'testclient'}}
{'timestamp': 1760391975.3977652, 'event_type': 'SENSITIVE_ENDPOINT_ACCESS', 'client_ip': 'testclient', 'user_agent': 'testclient', 'path': '/items', 'method': 'GET', 'details': {'path': '/items', 'method': 'GET'}}
{'timestamp': 1760391975.398211, 'event_type': 'ITEMS_LIST_ACCESS', 'client_ip': 'testclient', 'user_agent': 'testclient', 'path': '/items', 'method': 'GET', 'details': {'client_ip': 'testclient'}}
{'timestamp': 1760391975.3992682, 'event_type': 'SENSITIVE_ENDPOINT_ACCESS', 'client_ip': 'testclient', 'user_agent': 'testclient', 'path': '/items', 'method': 'POST', 'details': {'path': '/items', 'method': 'POST'}}
{'timestamp': 1760391975.3995671, 'event_type': 'ITEM_CREATION', 'client_ip': 'testclient', 'user_agent': 'testclient', 'path': '/items', 'method': 'POST', 'details': {'item_name': 'Test', 'client_ip': 'testclient'}}
{'timestamp': 1760391975.4004989, 'event_type': 'SENSITIVE_ENDPOINT_ACCESS', 'client_ip': 'testclient', 'user_agent': 'testclient', 'path': '/items', 'method': 'OPTIONS', 'details': {'path': '/items', 'method': 'OPTIONS'}}
{'timestamp': 1760391975.402714, 'event_type': 'ITEM_ACCESS', 'client_ip': 'testclient', 'user_agent': 'testclient', 'path': '/items/999999', 'method': 'GET', 'details': {'item_id': 999999, 'client_ip': 'testclient'}}
{'timestamp': 1760391975.404843, 'event_type': 'SENSITIVE_ENDPOINT_ACCESS', 'client_ip': 'testclient', 'user_agent': 'testclient', 'path': '/items', 'method': 'POST', 'details': {'path': '/items', 'method': 'POST'}}
{'timestamp': 1760391983.617654, 'event_type': 'SENSITIVE_ENDPOINT_ACCESS', 'client_ip': 'testclient', 'user_agent': 'testclient', 'path': '/items', 'method': 'POST', 'details': {'path': '/items', 'method': 'POST'}}
{'timestamp': 1760391983.618758, 'event_type': 'ITEM_CREATION', 'client_ip': 'testclient', 'user_agent': 'testclient', 'path': '/items', 'method': 'POST', 'details': {'item_name': 'Valid Item Name', 'client_ip': 'testclient'}}
{'timestamp': 1760391983.62214, 'event_type': 'SENSITIVE_ENDPOINT_ACCESS', 'client_ip': 'testclient', 'user_agent': 'testclient', 'path': '/items', 'method': 'POST', 'details': {'path': '/items', 'method': 'POST'}}
{'timestamp': 1760391983.624397, 'event_type': 'SENSITIVE_ENDPOINT_ACCESS', 'client_ip': 'testclient', 'user_agent': 'testclient', 'path': '/items', 'method': 'POST', 'details': {'path': '/items', 'method': 'POST'}}
{'timestamp': 1760391983.626543, 'event_type': 'SENSITIVE_ENDPOINT_ACCESS', 'client_ip': 'testclient', 'user_agent': 'testclient', 'path': '/items', 'method': 'POST', 'details': {'path': '/items', 'method': 'POST'}}
{'timestamp': 1760391983.628761, 'event_type': 'SENSITIVE_ENDPOINT_ACCESS', 'client_ip': 'testclient', 'user_agent': 'testclient', 'path': '/items', 'method': 'POST', 'details': {'path': '/items', 'method': 'POST'}}
{'timestamp': 1760391983.635042, 'event_type': 'SENSITIVE_ENDPOINT_ACCESS', 'client_ip': 'testclient', 'user_agent': 'testclient', 'path': '/items', 'method': 'POST', 'details': {'path': '/items', 'method': 'POST'}}
{'timestamp': 1760391983.6376462, 'event_type': 'SENSITIVE_ENDPOINT_ACCESS', 'client_ip': 'testclient', 'user_agent': 'testclient', 'path': '/items', 'method': 'POST', 'details': {'path': '/items', 'method': 'POST'}}
{'timestamp': 1760391983.6399722, 'event_type': 'SENSITIVE_ENDPOINT_ACCESS', 'client_ip': 'testclient', 'user_agent': 'testclient', 'path': '/items', 'method': 'POST', 'details': {'path': '/items', 'method': 'POST'}}
{'timestamp': 1760391983.6404312, 'event_type': 'ITEM_CREATION', 'client_ip': 'testclient', 'user_agent': 'testclient', 'path': '/items', 'method': 'POST', 'details': {'item_name': 'Test Item', 'client_ip': 'testclient'}}
{'timestamp': 1760391983.641763, 'event_type': 'ITEM_ACCESS', 'client_ip': 'testclient', 'user_agent': 'testclient', 'path': '/items/2', 'method': 'GET', 'details': {'item_id': 2, 'client_ip': 'testclient'}}
{'timestamp': 1760391983.647562, 'event_type': 'SENSITIVE_ENDPOINT_ACCESS', 'client_ip': 'testclient', 'user_agent': 'testclient', 'path': '/items', 'method': 'GET', 'details': {'path': '/items', 'method': 'GET'}}
{'timestamp': 1760391983.647968, 'event_type': 'ITEMS_LIST_ACCESS', 'client_ip': 'testclient', 'user_agent': 'testclient', 'path': '/items', 'method': 'GET', 'details': {'client_ip': 'testclient'}}
{'timestamp': 1760391983.6493812, 'event_type': 'SENSITIVE_ENDPOINT_ACCESS', 'client_ip': 'testclient', 'user_agent': 'testclient', 'path': '/items', 'method': 'GET', 'details': {'path': '/items', 'method': 'GET'}}
{'timestamp': 1760391983.649684, 'event_type': 'ITEMS_LIST_ACCESS', 'client_ip': 'testclient', 'user_agent': 'testclient', 'path': '/items', 'method': 'GET', 'details': {'client_ip': 'testclient'}}
{'timestamp': 1760391983.651171, 'event_type': 'SENSITIVE_ENDPOINT_ACCESS', 'client_ip': 'testclient', 'user_agent': 'testclient', 'path': '/items', 'method': 'POST', 'details': {'path': '/items', 'method': 'POST'}}
{'timestamp': 1760391983.651932, 'event_type': 'ITEM_CREATION', 'client_ip': 'testclient', 'user_agent': 'testclient', 'path': '/items', 'method': 'POST', 'details': {'item_name': 'Audit Test Item', 'client_ip': 'testclient'}}
{'timestamp': 1760391983.653722, 'event_type': 'SENSITIVE_ENDPOINT_ACCESS', 'client_ip': 'testclient', 'user_agent': 'testclient', 'path': '/items', 'method': 'POST', 'details': {'path': '/items', 'method': 'POST'}}
{'timestamp': 1760391983.654155, 'event_type': 'ITEM_CREATION', 'client_ip': 'testclient', 'user_agent': 'testclient', 'path': '/items', 'method': 'POST', 'details': {'item_name': 'Access Test Item', 'client_ip': 'testclient'}}
{'timestamp': 1760391983.655366, 'event_type': 'ITEM_ACCESS', 'client_ip': 'testclient', 'user_agent': 'testclient', 'path': '/items/1', 'method': 'GET', 'details': {'item_id': 1, 'client_ip': 'testclient'}}
{'timestamp': 1760391983.6568902, 'event_type': 'SENSITIVE_ENDPOINT_ACCESS', 'client_ip': 'testclient', 'user_agent': 'testclient', 'path': '/items', 'method': 'GET', 'details': {'path': '/items', 'method': 'GET'}}
{'timestamp': 1760391983.6571572, 'event_type': 'ITEMS_LIST_ACCESS', 'client_ip': 'testclient', 'user_agent': 'testclient', 'path': '/items', 'method': 'GET', 'details': {'client_ip': 'testclient'}}
{'timestamp': 1760391983.659842, 'event_type': 'SENSITIVE_ENDPOINT_ACCESS', 'client_ip': 'testclient', 'user_agent': 'testclient', 'path': '/items', 'method': 'GET', 'details': {'path': '/items', 'method': 'GET'}}
{'timestamp': 1760391983.660296, 'event_type': 'ITEMS_LIST_ACCESS', 'client_ip': 'testclient', 'user_agent': 'testclient', 'path': '/items', 'method': 'GET', 'details': {'client_ip': 'testclient'}}
{'timestamp': 1760391983.6614568, 'event_type': 'SENSITIVE_ENDPOINT_ACCESS', 'client_ip': 'testclient', 'user_agent': 'testclient', 'path': '/items', 'method': 'GET', 'details': {'path': '/items', 'method': 'GET'}}
{'timestamp': 1760391983.6617742, 'event_type': 'ITEMS_LIST_ACCESS', 'client_ip': 'testclient', 'user_agent': 'testclient', 'path': '/items', 'method': 'GET', 'details': {'client_ip': 'testclient'}}
{'timestamp': 1760391983.663276, 'event_type': 'SENSITIVE_ENDPOINT_ACCESS', 'client_ip': 'testclient', 'user_agent': 'testclient', 'path': '/items', 'method': 'GET', 'details': {'path': '/items', 'method': 'GET'}}
{'timestamp': 1760391983.663573, 'event_type': 'ITEMS_LIST_ACCESS', 'client_ip': 'testclient', 'user_agent': 'testclient', 'path': '/items', 'method': 'GET', 'details': {'client_ip': 'testclient'}}
{'timestamp': 1760391983.664581, 'event_type': 'SENSITIVE_ENDPOINT_ACCESS', 'client_ip': 'testclient', 'user_agent': 'testclient', 'path': '/items', 'method': 'POST', 'details': {'path': '/items', 'method': 'POST'}}
{'timestamp': 1760391983.6648629, 'event_type': 'ITEM_CREATION', 'client_ip': 'testclient', 'user_agent': 'testclient', 'path': '/items', 'method': 'POST', 'details': {'item_name': 'Test', 'client_ip': 'testclient'}}
{'timestamp': 1760391983.665775, 'event_type': 'SENSITIVE_ENDPOINT_ACCESS', 'client_ip': 'testclient', 'user_agent': 'testclient', 'path': '/items', 'method': 'OPTIONS', 'details': {'path': '/items', 'method': 'OPTIONS'}}
{'timestamp': 1760391983.667378, 'event_type': 'ITEM_ACCESS', 'client_ip': 'testclient', 'user_agent': 'testclient', 'path': '/items/999999', 'method': 'GET', 'details': {'item_id': 999999, 'client_ip': 'testclient'}}
{'timestamp': 1760391983.669187, 'event_type': 'SENSITIVE_ENDPOINT_ACCESS', 'client_ip': 'testclient', 'user_agent': 'testclient', 'path': '/items', 'method': 'POST', 'details': {'path': '/items', 'method': 'POST'}}
{'timestamp': 1760391988.664394, 'event_type': 'ITEM_ACCESS', 'client_ip': 'testclient', 'user_agent': 'testclient', 'path': '/items/999', 'method': 'GET', 'details': {'item_id': 999, 'client_ip': 'testclient'}}
{'timestamp': 1760391988.6678588, 'event_type': 'SENSITIVE_ENDPOINT_ACCESS', 'client_ip': 'testclient', 'user_agent': 'testclient', 'path': '/items', 'method': 'POST', 'details': {'path': '/items', 'method': 'POST'}}
{'timestamp': 1760391989.786102, 'event_type': 'SENSITIVE_ENDPOINT_ACCESS', 'client_ip': 'testclient', 'user_agent': 'testclient', 'path': '/items', 'method': 'POST', 'details': {'path': '/items', 'method': 'POST'}}
{'timestamp': 1760391989.7870321, 'event_type': 'ITEM_CREATION', 'client_ip': 'testclient', 'user_agent': 'testclient', 'path': '/items', 'method': 'POST', 'details': {'item_name': 'Valid Item Name', 'client_ip': 'testclient'}}
{'timestamp': 1760391989.7894049, 'event_type': 'SENSITIVE_ENDPOINT_ACCESS', 'client_ip': 'testclient', 'user_agent': 'testclient', 'path': '/items', 'method': 'POST', 'details': {'path': '/items', 'method': 'POST'}}
{'timestamp': 1760391989.7915149, 'event_type': 'SENSITIVE_ENDPOINT_ACCESS', 'client_ip': 'testclient', 'user_agent': 'testclient', 'path': '/items', 'method': 'POST', 'details': {'path': '/items', 'method': 'POST'}}
{'timestamp': 1760391989.793387, 'event_type': 'SENSITIVE_ENDPOINT_ACCESS', 'client_ip': 'testclient', 'user_agent': 'testclient', 'path': '/items', 'method': 'POST', 'details': {'path': '/items', 'method': 'POST'}}
{'timestamp': 1760391989.795431, 'event_type': 'SENSITIVE_ENDPOINT_ACCESS', 'client_ip': 'testclient', 'user_agent': 'testclient', 'path': '/items', 'method': 'POST', 'details': {'path': '/items', 'method': 'POST'}}
{'timestamp': 1760391989.798966, 'event_type': 'SENSITIVE_ENDPOINT_ACCESS', 'client_ip': 'testclient', 'user_agent': 'testclient', 'path': '/items', 'method': 'POST', 'details': {'path': '/items', 'method': 'POST'}}
{'timestamp': 1760391989.8017201, 'event_type': 'SENSITIVE_ENDPOINT_ACCESS', 'client_ip': 'testclient', 'user_agent': 'testclient', 'path': '/items', 'method': 'POST', 'details': {'path': '/items', 'method': 'POST'}}
{'timestamp': 1760391989.804498, 'event_type': 'SENSITIVE_ENDPOINT_ACCESS', 'client_ip': 'testclient', 'user_agent': 'testclient', 'path': '/items', 'method': 'POST', 'details': {'path': '/items', 'method': 'POST'}}
{'timestamp': 1760391989.8050802, 'event_type': 'ITEM_CREATION', 'client_ip': 'testclient', 'user_agent': 'testclient', 'path': '/items', 'method': 'POST', 'details': {'item_name': 'Test Item', 'client_ip': 'testclient'}}
{'timestamp': 1760391989.8071492, 'event_type': 'ITEM_ACCESS', 'client_ip': 'testclient', 'user_agent': 'testclient', 'path': '/items/2', 'method': 'GET', 'details': {'item_id': 2, 'client_ip': 'testclient'}}
{'timestamp': 1760391989.814464, 'event_type': 'SENSITIVE_ENDPOINT_ACCESS', 'client_ip': 'testclient', 'user_agent': 'testclient', 'path': '/items', 'method': 'GET', 'details': {'path': '/items', 'method': 'GET'}}
{'timestamp': 1760391989.8151512, 'event_type': 'ITEMS_LIST_ACCESS', 'client_ip': 'testclient', 'user_agent': 'testclient', 'path': '/items', 'method': 'GET', 'details': {'client_ip': 'testclient'}}
{'timestamp': 1760391989.817178, 'event_type': 'SENSITIVE_ENDPOINT_ACCESS', 'client_ip': 'testclient', 'user_agent': 'testclient', 'path': '/items', 'method': 'GET', 'details': {'path': '/items', 'method': 'GET'}}
{'timestamp': 1760391989.8176498, 'event_type': 'ITEMS_LIST_ACCESS', 'client_ip': 'testclient', 'user_agent': 'testclient', 'path': '/items', 'method': 'GET', 'details': {'client_ip': 'testclient'}}
{'timestamp': 1760391989.819587, 'event_type': 'SENSITIVE_ENDPOINT_ACCESS', 'client_ip': 'testclient', 'user_agent': 'testclient', 'path': '/items', 'method': 'POST', 'details': {'path': '/items', 'method': 'POST'}}
{'timestamp': 1760391989.8201191, 'event_type': 'ITEM_CREATION', 'client_ip': 'testclient', 'user_agent': 'testclient', 'path': '/items', 'method': 'POST', 'details': {'item_name': 'Audit Test Item', 'client_ip': 'testclient'}}
{'timestamp': 1760391989.822061, 'event_type': 'SENSITIVE_ENDPOINT_ACCESS', 'client_ip': 'testclient', 'user_agent': 'testclient', 'path': '/items', 'method': 'POST', 'details': {'path': '/items', 'method': 'POST'}}
{'timestamp': 1760391989.822635, 'event_type': 'ITEM_CREATION', 'client_ip': 'testclient', 'user_agent': 'testclient', 'path': '/items', 'method': 'POST', 'details': {'item_name': 'Access Test Item', 'client_ip': 'testclient'}}
{'timestamp': 1760391989.8243608, 'event_type': 'ITEM_ACCESS', 'client_ip': 'testclient', 'user_agent': 'testclient', 'path': '/items/1', 'method': 'GET', 'details': {'item_id': 1, 'client_ip': 'testclient'}}
{'timestamp': 1760391989.826138, 'event_type': 'SENSITIVE_ENDPOINT_ACCESS', 'client_ip': 'testclient', 'user_agent': 'testclient', 'path': '/items', 'method': 'GET', 'details': {'path': '/items', 'method': 'GET'}}
{'timestamp': 1760391989.826546, 'event_type': 'ITEMS_LIST_ACCESS', 'client_ip': 'testclient', 'user_agent': 'testclient', 'path': '/items', 'method': 'GET', 'details': {'client_ip': 'testclient'}}
{'timestamp': 1760391989.829609, 'event_type': 'SENSITIVE_ENDPOINT_ACCESS', 'client_ip': 'testclient', 'user_agent': 'testclient', 'path': '/items', 'method': 'GET', 'details': {'path': '/items', 'method': 'GET'}}
{'timestamp': 1760391989.830552, 'event_type': 'ITEMS_LIST_ACCESS', 'client_ip': 'testclient', 'user_agent': 'testclient', 'path': '/items', 'method': 'GET', 'details': {'client_ip': 'testclient'}}
{'timestamp': 1760391989.831881, 'event_type': 'SENSITIVE_ENDPOINT_ACCESS', 'client_ip': 'testclient', 'user_agent': 'testclient', 'path': '/items', 'method': 'GET', 'details': {'path': '/items', 'method': 'GET'}}
{'timestamp': 1760391989.832342, 'event_type': 'ITEMS_LIST_ACCESS', 'client_ip': 'testclient', 'user_agent': 'testclient', 'path': '/items', 'method': 'GET', 'details': {'client_ip': 'testclient'}}
{'timestamp': 1760391989.834041, 'event_type': 'SENSITIVE_ENDPOINT_ACCESS', 'client_ip': 'testclient', 'user_agent': 'testclient', 'path': '/items', 'method': 'GET', 'details': {'path': '/items', 'method': 'GET'}}
{'timestamp': 1760391989.834391, 'event_type': 'ITEMS_LIST_ACCESS', 'client_ip': 'testclient', 'user_agent': 'testclient', 'path': '/items', 'method': 'GET', 'details': {'client_ip': 'testclient'}}
{'timestamp': 1760391989.8355021, 'event_type': 'SENSITIVE_ENDPOINT_ACCESS', 'client_ip': 'testclient', 'user_agent': 'testclient', 'path': '/items', 'method': 'POST', 'details': {'path': '/items', 'method': 'POST'}}
{'timestamp': 1760391989.835885, 'event_type': 'ITEM_CREATION', 'client_ip': 'testclient', 'user_agent': 'testclient', 'path': '/items', 'method': 'POST', 'details': {'item_name': 'Test', 'client_ip': 'testclient'}}
{'timestamp': 1760391989.8369741, 'event_type': 'SENSITIVE_ENDPOINT_ACCESS', 'client_ip': 'testclient', 'user_agent': 'testclient', 'path': '/items', 'method': 'OPTIONS', 'details': {'path': '/items', 'method': 'OPTIONS'}}
{'timestamp': 1760391989.8391511, 'event_type': 'ITEM_ACCESS', 'client_ip': 'testclient', 'user_agent': 'testclient', 'path': '/items/999999', 'method': 'GET', 'details': {'item_id': 999999, 'client_ip': 'testclient'}}
{'timestamp': 1760391989.8408241, 'event_type': 'SENSITIVE_ENDPOINT_ACCESS', 'client_ip': 'testclient', 'user_agent': 'testclient', 'path': '/items', 'method': 'POST', 'details': {'path': '/items', 'method': 'POST'}}
